<?xml version="1.0" encoding="UTF-8"?>
<testsuite name="com.neo.kmm.Base64Test" tests="2" skipped="0" failures="0" errors="0" timestamp="2023-01-03T07:27:47" hostname="neo.local" time="0.013">
  <properties/>
  <testcase name="testPaddedStrings" classname="com.neo.kmm.Base64Test" time="0.013"/>
  <testcase name="testEncodeToString" classname="com.neo.kmm.Base64Test" time="0.0"/>
  <system-out><![CDATA[]]></system-out>
  <system-err><![CDATA[]]></system-err>
</testsuite>
